<?xml version="1.0" ?>
<!DOCTYPE coverage
  SYSTEM 'http://cobertura.sourceforge.net/xml/coverage-04.dtd'>
<coverage line-rate="0.0" branch-rate="0" lines-covered="0" lines-valid="0" branches-covered="0" branches-valid="0" complexity="0" version="6.5.0" timestamp="0">
  <sources>
    <source>.</source>
  </sources>
  <packages>
    <package name="." line-rate="0.0" branch-rate="0" complexity="0">
      <classes>
        <class name="main.qml" filename="main.qml" line-rate="0.0" branch-rate="0" complexity="0">
          <methods/>
          <lines>
            <line number="4" hits="1"/>
            <line number="5" hits="1"/>
            <line number="6" hits="1"/>
            <line number="7" hits="1"/>
            <line number="8" hits="1"/>
            <line number="15" hits="1"/>
            <line number="26" hits="1"/>
            <line number="27" hits="1"/>
            <line number="30" hits="1"/>
            <line number="31" hits="1"/>
            <line number="32" hits="1"/>
            <line number="33" hits="1"/>
            <line number="34" hits="1"/>
            <line number="35" hits="1"/>
            <line number="36" hits="1"/>
            <line number="37" hits="1"/>
            <line number="38" hits="1"/>
            <line number="39" hits="10"/>
            <line number="46" hits="1"/>
            <line number="47" hits="1"/>
            <line number="48" hits="1"/>
          </lines>
        </class>
      </classes>
    </package>
  </packages>
</coverage>
